<?xml version="1.0" encoding="UTF-8"?>
<testng-results skipped="0" failed="0" total="2" passed="2">
  <reporter-output>
  </reporter-output>
  <suite name="Default suite" duration-ms="25687" started-at="2020-04-05T09:49:44Z" finished-at="2020-04-05T09:50:10Z">
    <groups>
    </groups>
    <test name="Default test" duration-ms="25687" started-at="2020-04-05T09:49:44Z" finished-at="2020-04-05T09:50:10Z">
      <class name="utils.WikiTestNG">
        <test-method status="PASS" signature="openBrowser()[pri:0, instance:utils.WikiTestNG@3dd3bcd]" name="openBrowser" is-config="true" duration-ms="14391" started-at="2020-04-05T15:19:44Z" finished-at="2020-04-05T15:19:59Z">
          <reporter-output>
          </reporter-output>
        </test-method> <!-- openBrowser -->
        <test-method status="PASS" signature="login()[pri:0, instance:utils.WikiTestNG@3dd3bcd]" name="login" is-config="true" duration-ms="10526" started-at="2020-04-05T15:19:59Z" finished-at="2020-04-05T15:20:09Z">
          <reporter-output>
          </reporter-output>
        </test-method> <!-- login -->
        <test-method status="PASS" signature="printUsername()[pri:0, instance:utils.WikiTestNG@3dd3bcd]" name="printUsername" duration-ms="39" started-at="2020-04-05T15:20:09Z" finished-at="2020-04-05T15:20:09Z">
          <reporter-output>
          </reporter-output>
        </test-method> <!-- printUsername -->
        <test-method status="PASS" signature="title()[pri:0, instance:utils.WikiTestNG@3dd3bcd]" name="title" duration-ms="16" started-at="2020-04-05T15:20:09Z" finished-at="2020-04-05T15:20:09Z">
          <reporter-output>
          </reporter-output>
        </test-method> <!-- title -->
        <test-method status="PASS" signature="logout()[pri:0, instance:utils.WikiTestNG@3dd3bcd]" name="logout" is-config="true" duration-ms="73" started-at="2020-04-05T15:20:09Z" finished-at="2020-04-05T15:20:09Z">
          <reporter-output>
          </reporter-output>
        </test-method> <!-- logout -->
        <test-method status="PASS" signature="closeApplication()[pri:0, instance:utils.WikiTestNG@3dd3bcd]" name="closeApplication" is-config="true" duration-ms="622" started-at="2020-04-05T15:20:09Z" finished-at="2020-04-05T15:20:10Z">
          <reporter-output>
          </reporter-output>
        </test-method> <!-- closeApplication -->
      </class> <!-- utils.WikiTestNG -->
    </test> <!-- Default test -->
  </suite> <!-- Default suite -->
</testng-results>
